[2024-02-23T07:05:17.720827+00:00] main.CRITICAL: InvalidArgumentException: Required parameter 'theme_dir' was not passed in /var/www/html/shopping/vendor/magento/framework/View/Design/Fallback/Rule/Simple.php:59
Stack trace:
#0 /var/www/html/shopping/vendor/magento/framework/View/Design/Fallback/Rule/Theme.php(78): Magento\Framework\View\Design\Fallback\Rule\Simple->getPatternDirs()
#1 /var/www/html/shopping/vendor/magento/framework/View/Design/FileResolution/Fallback/Resolver/Simple.php(118): Magento\Framework\View\Design\Fallback\Rule\Theme->getPatternDirs()
#2 /var/www/html/shopping/vendor/magento/framework/View/Design/FileResolution/Fallback/Resolver/Simple.php(61): Magento\Framework\View\Design\FileResolution\Fallback\Resolver\Simple->resolveFile()
#3 /var/www/html/shopping/vendor/magento/framework/View/Design/FileResolution/Fallback/LocaleFile.php(42): Magento\Framework\View\Design\FileResolution\Fallback\Resolver\Simple->resolve()
#4 /var/www/html/shopping/vendor/magento/framework/View/FileSystem.php(106): Magento\Framework\View\Design\FileResolution\Fallback\LocaleFile->getFile()
#5 /var/www/html/shopping/vendor/magento/framework/Translate.php(411): Magento\Framework\View\FileSystem->getLocaleFileName()
#6 /var/www/html/shopping/vendor/magento/framework/Translate.php(455): Magento\Framework\Translate->getThemeTranslationFileName()
#7 /var/www/html/shopping/vendor/magento/framework/Translate.php(352): Magento\Framework\Translate->getThemeTranslationFilesList()
#8 /var/www/html/shopping/vendor/magento/framework/Translate.php(220): Magento\Framework\Translate->_loadThemeTranslation()
#9 /var/www/html/shopping/vendor/magento/framework/App/Area.php(248): Magento\Framework\Translate->loadData()
#10 /var/www/html/shopping/vendor/magento/framework/App/Area.php(219): Magento\Framework\App\Area->_initTranslate()
#11 /var/www/html/shopping/vendor/magento/framework/App/Area.php(146): Magento\Framework\App\Area->_loadPart()
#12 /var/www/html/shopping/vendor/magento/framework/App/FrontController.php(189): Magento\Framework\App\Area->load()
#13 /var/www/html/shopping/vendor/magento/framework/App/FrontController.php(147): Magento\Framework\App\FrontController->processRequest()
#14 /var/www/html/shopping/vendor/magento/framework/Interception/Interceptor.php(58): Magento\Framework\App\FrontController->dispatch()
#15 /var/www/html/shopping/vendor/magento/framework/Interception/Interceptor.php(138): Magento\Framework\App\FrontController\Interceptor->___callParent()
#16 /var/www/html/shopping/vendor/magento/module-store/App/FrontController/Plugin/RequestPreprocessor.php(99): Magento\Framework\App\FrontController\Interceptor->Magento\Framework\Interception\{closure}()
#17 /var/www/html/shopping/vendor/magento/framework/Interception/Interceptor.php(135): Magento\Store\App\FrontController\Plugin\RequestPreprocessor->aroundDispatch()
#18 /var/www/html/shopping/vendor/magento/module-page-cache/Model/App/FrontController/BuiltinPlugin.php(75): Magento\Framework\App\FrontController\Interceptor->Magento\Framework\Interception\{closure}()
#19 /var/www/html/shopping/vendor/magento/framework/Interception/Interceptor.php(135): Magento\PageCache\Model\App\FrontController\BuiltinPlugin->aroundDispatch()
#20 /var/www/html/shopping/vendor/magento/framework/Interception/Interceptor.php(153): Magento\Framework\App\FrontController\Interceptor->Magento\Framework\Interception\{closure}()
#21 /var/www/html/shopping/generated/code/Magento/Framework/App/FrontController/Interceptor.php(23): Magento\Framework\App\FrontController\Interceptor->___callPlugins()
#22 /var/www/html/shopping/vendor/magento/framework/App/Http.php(116): Magento\Framework\App\FrontController\Interceptor->dispatch()
#23 /var/www/html/shopping/vendor/magento/framework/App/Bootstrap.php(264): Magento\Framework\App\Http->launch()
#24 /var/www/html/shopping/pub/index.php(30): Magento\Framework\App\Bootstrap->run()
#25 {main} {"report_id":"69f2e66b8512a73e87e8577ae0cb07b04f91b69b1d27a833f98a8ab359fbe763","exception":"[object] (InvalidArgumentException(code: 0): Required parameter 'theme_dir' was not passed at /var/www/html/shopping/vendor/magento/framework/View/Design/Fallback/Rule/Simple.php:59)"} []
[2024-02-23T07:06:24.041601+00:00] main.CRITICAL: InvalidArgumentException: Required parameter 'theme_dir' was not passed in /var/www/html/shopping/vendor/magento/framework/View/Design/Fallback/Rule/Simple.php:59
Stack trace:
#0 /var/www/html/shopping/vendor/magento/framework/View/Design/Fallback/Rule/Theme.php(78): Magento\Framework\View\Design\Fallback\Rule\Simple->getPatternDirs()
#1 /var/www/html/shopping/vendor/magento/framework/View/Design/FileResolution/Fallback/Resolver/Simple.php(118): Magento\Framework\View\Design\Fallback\Rule\Theme->getPatternDirs()
#2 /var/www/html/shopping/vendor/magento/framework/View/Design/FileResolution/Fallback/Resolver/Simple.php(61): Magento\Framework\View\Design\FileResolution\Fallback\Resolver\Simple->resolveFile()
#3 /var/www/html/shopping/vendor/magento/framework/View/Design/FileResolution/Fallback/LocaleFile.php(42): Magento\Framework\View\Design\FileResolution\Fallback\Resolver\Simple->resolve()
#4 /var/www/html/shopping/vendor/magento/framework/View/FileSystem.php(106): Magento\Framework\View\Design\FileResolution\Fallback\LocaleFile->getFile()
#5 /var/www/html/shopping/vendor/magento/framework/Translate.php(411): Magento\Framework\View\FileSystem->getLocaleFileName()
#6 /var/www/html/shopping/vendor/magento/framework/Translate.php(455): Magento\Framework\Translate->getThemeTranslationFileName()
#7 /var/www/html/shopping/vendor/magento/framework/Translate.php(352): Magento\Framework\Translate->getThemeTranslationFilesList()
#8 /var/www/html/shopping/vendor/magento/framework/Translate.php(220): Magento\Framework\Translate->_loadThemeTranslation()
#9 /var/www/html/shopping/vendor/magento/framework/App/Area.php(248): Magento\Framework\Translate->loadData()
#10 /var/www/html/shopping/vendor/magento/framework/App/Area.php(219): Magento\Framework\App\Area->_initTranslate()
#11 /var/www/html/shopping/vendor/magento/framework/App/Area.php(146): Magento\Framework\App\Area->_loadPart()
#12 /var/www/html/shopping/vendor/magento/framework/App/FrontController.php(189): Magento\Framework\App\Area->load()
#13 /var/www/html/shopping/vendor/magento/framework/App/FrontController.php(147): Magento\Framework\App\FrontController->processRequest()
#14 /var/www/html/shopping/vendor/magento/framework/Interception/Interceptor.php(58): Magento\Framework\App\FrontController->dispatch()
#15 /var/www/html/shopping/vendor/magento/framework/Interception/Interceptor.php(138): Magento\Framework\App\FrontController\Interceptor->___callParent()
#16 /var/www/html/shopping/vendor/magento/module-store/App/FrontController/Plugin/RequestPreprocessor.php(99): Magento\Framework\App\FrontController\Interceptor->Magento\Framework\Interception\{closure}()
#17 /var/www/html/shopping/vendor/magento/framework/Interception/Interceptor.php(135): Magento\Store\App\FrontController\Plugin\RequestPreprocessor->aroundDispatch()
#18 /var/www/html/shopping/vendor/magento/module-page-cache/Model/App/FrontController/BuiltinPlugin.php(75): Magento\Framework\App\FrontController\Interceptor->Magento\Framework\Interception\{closure}()
#19 /var/www/html/shopping/vendor/magento/framework/Interception/Interceptor.php(135): Magento\PageCache\Model\App\FrontController\BuiltinPlugin->aroundDispatch()
#20 /var/www/html/shopping/vendor/magento/framework/Interception/Interceptor.php(153): Magento\Framework\App\FrontController\Interceptor->Magento\Framework\Interception\{closure}()
#21 /var/www/html/shopping/generated/code/Magento/Framework/App/FrontController/Interceptor.php(23): Magento\Framework\App\FrontController\Interceptor->___callPlugins()
#22 /var/www/html/shopping/vendor/magento/framework/App/Http.php(116): Magento\Framework\App\FrontController\Interceptor->dispatch()
#23 /var/www/html/shopping/vendor/magento/framework/App/Bootstrap.php(264): Magento\Framework\App\Http->launch()
#24 /var/www/html/shopping/pub/index.php(30): Magento\Framework\App\Bootstrap->run()
#25 {main} {"report_id":"69f2e66b8512a73e87e8577ae0cb07b04f91b69b1d27a833f98a8ab359fbe763","exception":"[object] (InvalidArgumentException(code: 0): Required parameter 'theme_dir' was not passed at /var/www/html/shopping/vendor/magento/framework/View/Design/Fallback/Rule/Simple.php:59)"} []
